<?xml version="1.0" encoding="UTF-8"?>
<!-- Generated by org.testng.reporters.JUnitXMLReporter -->
<testsuite ignored="0" hostname="INBook_X1" failures="1" tests="1" name="Test" time="64.509" errors="0" timestamp="2023-01-27T05:15:59 IST">
  <testcase classname="testCase.Logintestvalidation" name="logintest" time="1.327">
    <failure type="org.openqa.selenium.ElementNotInteractableException" message="Element &amp;lt;input id=&amp;quot;input-newsletter-yes&amp;quot; class=&amp;quot;form-check-input&amp;quot; name=&amp;quot;newsletter&amp;quot; type=&amp;quot;radio&amp;quot;&amp;gt; could not be scrolled into view
Build info: version: &amp;apos;4.8.0&amp;apos;, revision: &amp;apos;267030adea&amp;apos;
System info: os.name: &amp;apos;Windows 11&amp;apos;, os.arch: &amp;apos;amd64&amp;apos;, os.version: &amp;apos;10.0&amp;apos;, java.version: &amp;apos;18&amp;apos;
Driver info: org.openqa.selenium.firefox.FirefoxDriver
Command: [f7f2de80-738c-474f-80ee-ac78321efb25, clickElement {id=3b6358c0-9021-4ab0-adff-80e86ea4dd30}]
Capabilities {acceptInsecureCerts: true, browserName: firefox, browserVersion: 100.0, moz:accessibilityChecks: false, moz:buildID: 20220428192727, moz:debuggerAddress: localhost:42170, moz:geckodriverVersion: 0.32.0, moz:headless: false, moz:processID: 2288, moz:profile: C:\Users\91768\AppData\Loca..., moz:shutdownTimeout: 60000, moz:useNonSpecCompliantPointerOrigin: false, moz:webdriverClick: true, pageLoadStrategy: normal, platformName: WINDOWS, platformVersion: 10.0, proxy: Proxy(), se:cdp: ws://localhost:42170/devtoo..., se:cdpVersion: 85.0, setWindowRect: true, strictFileInteractability: false, timeouts: {implicit: 0, pageLoad: 300000, script: 30000}, unhandledPromptBehavior: dismiss and notify}
Element: [[FirefoxDriver: firefox on WINDOWS (f7f2de80-738c-474f-80ee-ac78321efb25)] -&amp;gt; xpath: //*[@id=&amp;quot;input-newsletter-yes&amp;quot;]]
Session ID: f7f2de80-738c-474f-80ee-ac78321efb25">
      <![CDATA[org.openqa.selenium.ElementNotInteractableException: Element <input id="input-newsletter-yes" class="form-check-input" name="newsletter" type="radio"> could not be scrolled into view
Build info: version: '4.8.0', revision: '267030adea'
System info: os.name: 'Windows 11', os.arch: 'amd64', os.version: '10.0', java.version: '18'
Driver info: org.openqa.selenium.firefox.FirefoxDriver
Command: [f7f2de80-738c-474f-80ee-ac78321efb25, clickElement {id=3b6358c0-9021-4ab0-adff-80e86ea4dd30}]
Capabilities {acceptInsecureCerts: true, browserName: firefox, browserVersion: 100.0, moz:accessibilityChecks: false, moz:buildID: 20220428192727, moz:debuggerAddress: localhost:42170, moz:geckodriverVersion: 0.32.0, moz:headless: false, moz:processID: 2288, moz:profile: C:\Users\91768\AppData\Loca..., moz:shutdownTimeout: 60000, moz:useNonSpecCompliantPointerOrigin: false, moz:webdriverClick: true, pageLoadStrategy: normal, platformName: WINDOWS, platformVersion: 10.0, proxy: Proxy(), se:cdp: ws://localhost:42170/devtoo..., se:cdpVersion: 85.0, setWindowRect: true, strictFileInteractability: false, timeouts: {implicit: 0, pageLoad: 300000, script: 30000}, unhandledPromptBehavior: dismiss and notify}
Element: [[FirefoxDriver: firefox on WINDOWS (f7f2de80-738c-474f-80ee-ac78321efb25)] -> xpath: //*[@id="input-newsletter-yes"]]
Session ID: f7f2de80-738c-474f-80ee-ac78321efb25
at org.openqa.selenium.remote.codec.w3c.W3CHttpResponseCodec.createException(W3CHttpResponseCodec.java:200)
at org.openqa.selenium.remote.codec.w3c.W3CHttpResponseCodec.decode(W3CHttpResponseCodec.java:133)
at org.openqa.selenium.remote.codec.w3c.W3CHttpResponseCodec.decode(W3CHttpResponseCodec.java:53)
at org.openqa.selenium.remote.HttpCommandExecutor.execute(HttpCommandExecutor.java:184)
at org.openqa.selenium.remote.service.DriverCommandExecutor.invokeExecute(DriverCommandExecutor.java:167)
at org.openqa.selenium.remote.service.DriverCommandExecutor.execute(DriverCommandExecutor.java:142)
at org.openqa.selenium.remote.RemoteWebDriver.execute(RemoteWebDriver.java:543)
at org.openqa.selenium.remote.RemoteWebElement.execute(RemoteWebElement.java:257)
at org.openqa.selenium.remote.RemoteWebElement.click(RemoteWebElement.java:78)
at org.openqa.selenium.support.pagefactory.internal.LocatingElementHandler.invoke(LocatingElementHandler.java:52)
at jdk.proxy2/jdk.proxy2.$Proxy19.click(Unknown Source)
at pageObject.Registrationpage.setchkbox(Registrationpage.java:44)
at testCase.Logintestvalidation.logintest(Logintestvalidation.java:25)
at java.base/java.util.ArrayList.forEach(ArrayList.java:1511)
... Removed 30 stack frames]]>
    </failure>
  </testcase> <!-- logintest -->
</testsuite> <!-- Test -->
