<?xml version="1.0" encoding="UTF-8"?>
<!-- Generated by org.testng.reporters.JUnitXMLReporter -->
<testsuite ignored="0" hostname="INBook_X1" failures="1" tests="1" name="Test" time="70.867" errors="0" timestamp="2023-01-28T00:21:09 IST">
  <testcase classname="testCase.Logintestvalidation" name="logintest" time="3.507">
    <failure type="java.lang.AssertionError" message="null">
      <![CDATA[java.lang.AssertionError: null
at testCase.Logintestvalidation.logintest(Logintestvalidation.java:41)
at java.base/java.util.ArrayList.forEach(ArrayList.java:1511)
... Removed 31 stack frames]]>
    </failure>
  </testcase> <!-- logintest -->
</testsuite> <!-- Test -->
